TN:
SF:src/index.ts
FN:80,(anonymous_1)
FN:97,(anonymous_2)
FN:194,(anonymous_3)
FN:199,(anonymous_4)
FN:208,(anonymous_5)
FN:217,(anonymous_6)
FN:219,(anonymous_7)
FN:225,(anonymous_8)
FN:227,(anonymous_9)
FNF:9
FNH:0
FNDA:0,(anonymous_1)
FNDA:0,(anonymous_2)
FNDA:0,(anonymous_3)
FNDA:0,(anonymous_4)
FNDA:0,(anonymous_5)
FNDA:0,(anonymous_6)
FNDA:0,(anonymous_7)
FNDA:0,(anonymous_8)
FNDA:0,(anonymous_9)
DA:11,0
DA:12,0
DA:13,0
DA:14,0
DA:15,0
DA:16,0
DA:17,0
DA:18,0
DA:19,0
DA:20,0
DA:21,0
DA:22,0
DA:23,0
DA:26,0
DA:29,0
DA:32,0
DA:39,0
DA:42,0
DA:45,0
DA:48,0
DA:55,0
DA:58,0
DA:61,0
DA:62,0
DA:65,0
DA:68,0
DA:69,0
DA:70,0
DA:73,0
DA:76,0
DA:77,0
DA:80,0
DA:81,0
DA:97,0
DA:98,0
DA:194,0
DA:195,0
DA:199,0
DA:200,0
DA:201,0
DA:207,0
DA:208,0
DA:209,0
DA:210,0
DA:211,0
DA:212,0
DA:213,0
DA:217,0
DA:218,0
DA:219,0
DA:220,0
DA:221,0
DA:225,0
DA:226,0
DA:227,0
DA:228,0
DA:229,0
LF:57
LH:0
BRDA:201,0,0,0
BRDA:201,0,1,0
BRDA:202,1,0,0
BRDA:202,1,1,0
BRF:4
BRH:0
end_of_record
TN:
SF:src/config/config.ts
FNF:0
FNH:0
DA:11,0
DA:14,0
DA:65,0
LF:3
LH:0
BRF:0
BRH:0
end_of_record
TN:
SF:src/controllers/OrderController.ts
FN:26,(anonymous_0)
FN:31,(anonymous_1)
FN:44,(anonymous_2)
FN:81,(anonymous_3)
FN:116,(anonymous_4)
FN:152,(anonymous_5)
FN:187,(anonymous_6)
FN:221,(anonymous_7)
FN:262,(anonymous_8)
FNF:9
FNH:0
FNDA:0,(anonymous_0)
FNDA:0,(anonymous_1)
FNDA:0,(anonymous_2)
FNDA:0,(anonymous_3)
FNDA:0,(anonymous_4)
FNDA:0,(anonymous_5)
FNDA:0,(anonymous_6)
FNDA:0,(anonymous_7)
FNDA:0,(anonymous_8)
DA:1,0
DA:23,0
DA:26,0
DA:27,0
DA:28,0
DA:32,0
DA:33,0
DA:34,0
DA:35,0
DA:36,0
DA:37,0
DA:38,0
DA:45,0
DA:46,0
DA:47,0
DA:49,0
DA:56,0
DA:65,0
DA:67,0
DA:68,0
DA:82,0
DA:83,0
DA:84,0
DA:89,0
DA:91,0
DA:100,0
DA:102,0
DA:103,0
DA:117,0
DA:118,0
DA:119,0
DA:121,0
DA:127,0
DA:136,0
DA:138,0
DA:139,0
DA:153,0
DA:154,0
DA:155,0
DA:157,0
DA:162,0
DA:171,0
DA:173,0
DA:174,0
DA:188,0
DA:189,0
DA:190,0
DA:192,0
DA:196,0
DA:205,0
DA:207,0
DA:208,0
DA:222,0
DA:223,0
DA:225,0
DA:227,0
DA:228,0
DA:237,0
DA:246,0
DA:248,0
DA:249,0
DA:263,0
DA:264,0
DA:265,0
DA:267,0
DA:272,0
DA:281,0
DA:283,0
DA:284,0
LF:69
LH:0
BRDA:47,0,0,0
BRDA:47,1,0,0
BRDA:61,2,0,0
BRDA:61,2,1,0
BRDA:96,3,0,0
BRDA:96,3,1,0
BRDA:132,4,0,0
BRDA:132,4,1,0
BRDA:167,5,0,0
BRDA:167,5,1,0
BRDA:201,6,0,0
BRDA:201,6,1,0
BRDA:227,7,0,0
BRDA:227,7,1,0
BRDA:232,8,0,0
BRDA:232,8,1,0
BRDA:242,9,0,0
BRDA:242,9,1,0
BRDA:277,10,0,0
BRDA:277,10,1,0
BRF:20
BRH:0
end_of_record
TN:
SF:src/middleware/healthCheck.middleware.ts
FN:19,(anonymous_0)
FN:41,(anonymous_1)
FN:60,(anonymous_2)
FN:69,(anonymous_3)
FNF:4
FNH:0
FNDA:0,(anonymous_0)
FNDA:0,(anonymous_1)
FNDA:0,(anonymous_2)
FNDA:0,(anonymous_3)
DA:14,0
DA:19,0
DA:21,0
DA:33,0
DA:41,0
DA:43,0
DA:44,0
DA:49,0
DA:60,0
DA:62,0
DA:69,0
DA:71,0
DA:72,0
DA:78,0
LF:14
LH:0
BRDA:25,0,0,0
BRDA:25,0,1,0
BRDA:26,1,0,0
BRDA:26,1,1,0
BRDA:43,2,0,0
BRDA:43,2,1,0
BRDA:71,3,0,0
BRDA:71,3,1,0
BRF:8
BRH:0
end_of_record
TN:
SF:src/middleware/prometheus.middleware.ts
FN:42,(anonymous_0)
FN:48,(anonymous_1)
FN:72,(anonymous_2)
FN:80,(anonymous_3)
FNF:4
FNH:0
FNDA:0,(anonymous_0)
FNDA:0,(anonymous_1)
FNDA:0,(anonymous_2)
FNDA:0,(anonymous_3)
DA:12,0
DA:15,0
DA:21,0
DA:28,0
DA:33,0
DA:42,0
DA:43,0
DA:44,0
DA:46,0
DA:48,0
DA:49,0
DA:50,0
DA:52,0
DA:58,0
DA:63,0
DA:66,0
DA:72,0
DA:73,0
DA:74,0
DA:80,0
DA:85,0
DA:86,0
DA:88,0
DA:95,0
LF:24
LH:0
BRDA:44,0,0,0
BRDA:44,0,1,0
BRF:2
BRH:0
end_of_record
TN:
SF:src/models/Chef.ts
FN:11,(anonymous_0)
FN:34,(anonymous_1)
FN:48,(anonymous_2)
FN:53,(anonymous_3)
FN:59,(anonymous_4)
FNF:5
FNH:0
FNDA:0,(anonymous_0)
FNDA:0,(anonymous_1)
FNDA:0,(anonymous_2)
FNDA:0,(anonymous_3)
FNDA:0,(anonymous_4)
DA:11,0
DA:12,0
DA:13,0
DA:14,0
DA:15,0
DA:16,0
DA:17,0
DA:18,0
DA:21,0
DA:35,0
DA:36,0
DA:37,0
DA:38,0
DA:39,0
DA:40,0
DA:41,0
DA:42,0
DA:43,0
DA:44,0
DA:45,0
DA:50,0
DA:55,0
DA:56,0
DA:61,0
LF:24
LH:0
BRDA:11,0,0,0
BRDA:11,0,1,0
BRDA:35,1,0,0
BRDA:35,1,1,0
BRDA:36,2,0,0
BRDA:36,2,1,0
BRDA:37,3,0,0
BRDA:37,3,1,0
BRDA:38,4,0,0
BRDA:38,4,1,0
BRDA:39,5,0,0
BRDA:39,5,1,0
BRDA:40,6,0,0
BRDA:40,6,1,0
BRDA:41,7,0,0
BRDA:41,7,1,0
BRDA:42,8,0,0
BRDA:42,8,1,0
BRDA:43,9,0,0
BRDA:43,9,1,0
BRDA:44,10,0,0
BRDA:44,10,1,0
BRDA:45,11,0,0
BRDA:45,11,1,0
BRF:24
BRH:0
end_of_record
TN:
SF:src/models/KitchenResource.ts
FN:10,(anonymous_0)
FNF:1
FNH:0
FNDA:0,(anonymous_0)
DA:10,0
DA:11,0
DA:12,0
DA:13,0
DA:14,0
DA:15,0
DA:16,0
DA:33,0
DA:40,0
DA:41,0
LF:10
LH:0
BRDA:10,0,0,0
BRDA:10,0,1,0
BRF:2
BRH:0
end_of_record
TN:
SF:src/models/Order.ts
FN:10,(anonymous_0)
FN:105,(anonymous_1)
FN:108,(anonymous_2)
FN:111,(anonymous_3)
FN:149,(anonymous_4)
FN:160,(anonymous_5)
FNF:6
FNH:0
FNDA:0,(anonymous_0)
FNDA:0,(anonymous_1)
FNDA:0,(anonymous_2)
FNDA:0,(anonymous_3)
FNDA:0,(anonymous_4)
FNDA:0,(anonymous_5)
DA:10,0
DA:11,0
DA:12,0
DA:13,0
DA:14,0
DA:104,0
DA:106,0
DA:109,0
DA:113,0
DA:115,0
DA:147,0
DA:151,0
DA:159,0
DA:160,0
DA:161,0
DA:162,0
DA:164,0
DA:168,0
LF:18
LH:0
BRDA:10,0,0,0
BRDA:10,0,1,0
BRDA:105,1,0,0
BRDA:108,2,0,0
BRDA:113,3,0,0
BRDA:113,3,1,0
BRDA:153,4,0,0
BRDA:153,4,1,0
BRDA:154,5,0,0
BRDA:154,5,1,0
BRDA:159,6,0,0
BRDA:159,6,1,0
BRDA:159,7,0,0
BRDA:159,7,1,0
BRDA:161,8,0,0
BRDA:161,8,1,0
BRDA:161,9,0,0
BRDA:161,9,1,0
BRF:18
BRH:0
end_of_record
TN:
SF:src/repositories/ChefRepository.ts
FN:26,(anonymous_0)
FN:59,(anonymous_1)
FN:77,(anonymous_2)
FN:123,(anonymous_3)
FN:129,(anonymous_4)
FNF:5
FNH:0
FNDA:0,(anonymous_0)
FNDA:0,(anonymous_1)
FNDA:0,(anonymous_2)
FNDA:0,(anonymous_3)
FNDA:0,(anonymous_4)
DA:9,0
DA:25,0
DA:29,0
DA:62,0
DA:80,0
DA:126,0
DA:132,0
LF:7
LH:0
BRF:0
BRH:0
end_of_record
TN:
SF:src/repositories/DishRepository.ts
FN:21,(anonymous_0)
FN:26,(anonymous_1)
FNF:2
FNH:0
FNDA:0,(anonymous_0)
FNDA:0,(anonymous_1)
DA:20,0
DA:23,0
DA:28,0
DA:33,0
LF:4
LH:0
BRF:0
BRH:0
end_of_record
TN:
SF:src/repositories/KitchenResourceRepository.ts
FN:12,(anonymous_0)
FN:17,(anonymous_1)
FN:21,(anonymous_2)
FNF:3
FNH:0
FNDA:0,(anonymous_0)
FNDA:0,(anonymous_1)
FNDA:0,(anonymous_2)
DA:11,0
DA:14,0
DA:27,0
LF:3
LH:0
BRF:0
BRH:0
end_of_record
